This is pdfTeX, Version 3.141592653-2.6-1.40.22 (TeX Live 2022/dev/Debian) (preloaded format=pdflatex 2025.2.14)  4 MAR 2025 19:28
entering extended mode
 restricted \write18 enabled.
 file:line:error style messages enabled.
 %&-line parsing enabled.
**/home/dirichletian/math/math-dumps/abstract-algebra/mit-ocw-course/mit-ocw-18-703-final-exam-solutions/main.tex
(/home/dirichletian/math/math-dumps/abstract-algebra/mit-ocw-course/mit-ocw-18-703-final-exam-solutions/main.tex
LaTeX2e <2021-11-15> patch level 1
L3 programming layer <2022-01-21> (/usr/share/texlive/texmf-dist/tex/latex/base/article.cls
Document Class: article 2021/10/04 v1.4n Standard LaTeX document class
(/usr/share/texlive/texmf-dist/tex/latex/base/size12.clo
File: size12.clo 2021/10/04 v1.4n Standard LaTeX file (size option)
)
\c@part=\count185
\c@section=\count186
\c@subsection=\count187
\c@subsubsection=\count188
\c@paragraph=\count189
\c@subparagraph=\count190
\c@figure=\count191
\c@table=\count192
\abovecaptionskip=\skip47
\belowcaptionskip=\skip48
\bibindent=\dimen138
) (/usr/share/texlive/texmf-dist/tex/latex/preprint/fullpage.sty
Package: fullpage 1999/02/23 1.1 (PWD)
\FP@margin=\skip49
) (/usr/share/texlive/texmf-dist/tex/latex/enumitem/enumitem.sty
Package: enumitem 2019/06/20 v3.9 Customized lists
\enitkv@toks@=\toks16
\labelindent=\skip50
\enit@outerparindent=\dimen139
\enit@toks=\toks17
\enit@inbox=\box50
\enit@count@id=\count193
\enitdp@description=\count194
) (/usr/share/texlive/texmf-dist/tex/latex/amsmath/amsmath.sty
Package: amsmath 2021/10/15 v2.17l AMS math features
\@mathmargin=\skip51

For additional information on amsmath, use the `?' option.
(/usr/share/texlive/texmf-dist/tex/latex/amsmath/amstext.sty
Package: amstext 2021/08/26 v2.01 AMS text
 (/usr/share/texlive/texmf-dist/tex/latex/amsmath/amsgen.sty
File: amsgen.sty 1999/11/30 v2.0 generic functions
\@emptytoks=\toks18
\ex@=\dimen140
)) (/usr/share/texlive/texmf-dist/tex/latex/amsmath/amsbsy.sty
Package: amsbsy 1999/11/29 v1.2d Bold Symbols
\pmbraise@=\dimen141
) (/usr/share/texlive/texmf-dist/tex/latex/amsmath/amsopn.sty
Package: amsopn 2021/08/26 v2.02 operator names
)
\inf@bad=\count195
LaTeX Info: Redefining \frac on input line 234.
\uproot@=\count196
\leftroot@=\count197
LaTeX Info: Redefining \overline on input line 399.
\classnum@=\count198
\DOTSCASE@=\count199
LaTeX Info: Redefining \ldots on input line 496.
LaTeX Info: Redefining \dots on input line 499.
LaTeX Info: Redefining \cdots on input line 620.
\Mathstrutbox@=\box51
\strutbox@=\box52
\big@size=\dimen142
LaTeX Font Info:    Redeclaring font encoding OML on input line 743.
LaTeX Font Info:    Redeclaring font encoding OMS on input line 744.
\macc@depth=\count266
\c@MaxMatrixCols=\count267
\dotsspace@=\muskip16
\c@parentequation=\count268
\dspbrk@lvl=\count269
\tag@help=\toks19
\row@=\count270
\column@=\count271
\maxfields@=\count272
\andhelp@=\toks20
\eqnshift@=\dimen143
\alignsep@=\dimen144
\tagshift@=\dimen145
\tagwidth@=\dimen146
\totwidth@=\dimen147
\lineht@=\dimen148
\@envbody=\toks21
\multlinegap=\skip52
\multlinetaggap=\skip53
\mathdisplay@stack=\toks22
LaTeX Info: Redefining \[ on input line 2938.
LaTeX Info: Redefining \] on input line 2939.
) (/usr/share/texlive/texmf-dist/tex/latex/amsfonts/amssymb.sty
Package: amssymb 2013/01/14 v3.01 AMS font symbols
 (/usr/share/texlive/texmf-dist/tex/latex/amsfonts/amsfonts.sty
Package: amsfonts 2013/01/14 v3.01 Basic AMSFonts support
\symAMSa=\mathgroup4
\symAMSb=\mathgroup5
LaTeX Font Info:    Redeclaring math symbol \hbar on input line 98.
LaTeX Font Info:    Overwriting math alphabet `\mathfrak' in version `bold'
(Font)                  U/euf/m/n --> U/euf/b/n on input line 106.
)) (/usr/share/texlive/texmf-dist/tex/latex/graphics/graphicx.sty
Package: graphicx 2021/09/16 v1.2d Enhanced LaTeX Graphics (DPC,SPQR)
 (/usr/share/texlive/texmf-dist/tex/latex/graphics/keyval.sty
Package: keyval 2014/10/28 v1.15 key=value parser (DPC)
\KV@toks@=\toks23
) (/usr/share/texlive/texmf-dist/tex/latex/graphics/graphics.sty
Package: graphics 2021/03/04 v1.4d Standard LaTeX Graphics (DPC,SPQR)
 (/usr/share/texlive/texmf-dist/tex/latex/graphics/trig.sty
Package: trig 2021/08/11 v1.11 sin cos tan (DPC)
) (/usr/share/texlive/texmf-dist/tex/latex/graphics-cfg/graphics.cfg
File: graphics.cfg 2016/06/04 v1.11 sample graphics configuration
)
Package graphics Info: Driver file: pdftex.def on input line 107.
 (/usr/share/texlive/texmf-dist/tex/latex/graphics-def/pdftex.def
File: pdftex.def 2020/10/05 v1.2a Graphics/color driver for pdftex
))
\Gin@req@height=\dimen149
\Gin@req@width=\dimen150
) (/usr/share/texlive/texmf-dist/tex/latex/l3backend/l3backend-pdftex.def
File: l3backend-pdftex.def 2022-01-12 L3 backend support: PDF output (pdfTeX)
\l__color_backend_stack_int=\count273
\l__pdf_internal_box=\box53
) (./main.aux)
\openout1 = `main.aux'.

LaTeX Font Info:    Checking defaults for OML/cmm/m/it on input line 8.
LaTeX Font Info:    ... okay on input line 8.
LaTeX Font Info:    Checking defaults for OMS/cmsy/m/n on input line 8.
LaTeX Font Info:    ... okay on input line 8.
LaTeX Font Info:    Checking defaults for OT1/cmr/m/n on input line 8.
LaTeX Font Info:    ... okay on input line 8.
LaTeX Font Info:    Checking defaults for T1/cmr/m/n on input line 8.
LaTeX Font Info:    ... okay on input line 8.
LaTeX Font Info:    Checking defaults for TS1/cmr/m/n on input line 8.
LaTeX Font Info:    ... okay on input line 8.
LaTeX Font Info:    Checking defaults for OMX/cmex/m/n on input line 8.
LaTeX Font Info:    ... okay on input line 8.
LaTeX Font Info:    Checking defaults for U/cmr/m/n on input line 8.
LaTeX Font Info:    ... okay on input line 8.
 (/usr/share/texlive/texmf-dist/tex/context/base/mkii/supp-pdf.mkii
[Loading MPS to PDF converter (version 2006.09.02).]
\scratchcounter=\count274
\scratchdimen=\dimen151
\scratchbox=\box54
\nofMPsegments=\count275
\nofMParguments=\count276
\everyMPshowfont=\toks24
\MPscratchCnt=\count277
\MPscratchDim=\dimen152
\MPnumerator=\count278
\makeMPintoPDFobject=\count279
\everyMPtoPDFconversion=\toks25
) (/usr/share/texlive/texmf-dist/tex/latex/epstopdf-pkg/epstopdf-base.sty
Package: epstopdf-base 2020-01-24 v2.11 Base part for package epstopdf
Package epstopdf-base Info: Redefining graphics rule for `.eps' on input line 485.
 (/usr/share/texlive/texmf-dist/tex/latex/latexconfig/epstopdf-sys.cfg
File: epstopdf-sys.cfg 2010/07/13 v1.3 Configuration of (r)epstopdf for TeX Live
))
LaTeX Font Info:    Trying to load font information for U+msa on input line 9.
 (/usr/share/texlive/texmf-dist/tex/latex/amsfonts/umsa.fd
File: umsa.fd 2013/01/14 v3.01 AMS symbols A
)
LaTeX Font Info:    Trying to load font information for U+msb on input line 9.
 (/usr/share/texlive/texmf-dist/tex/latex/amsfonts/umsb.fd
File: umsb.fd 2013/01/14 v3.01 AMS symbols B
) [1

{/var/lib/texmf/fonts/map/pdftex/updmap/pdftex.map}]
/home/dirichletian/math/math-dumps/abstract-algebra/mit-ocw-course/mit-ocw-18-703-final-exam-solutions/main.tex:83: Undefined control sequence.
l.83 ...f $n = 9$ and $G$ is abelian, $G \cong  \Z
                                                  {9} $ or $G \cong \Z{3} \t...
The control sequence at the end of the top line
of your error message was never \def'ed. If you have
misspelled it (e.g., `\hobx'), type `I' and the correct
spelling (e.g., `I\hbox'). Otherwise just continue,
and I'll forget about whatever was undefined.

/home/dirichletian/math/math-dumps/abstract-algebra/mit-ocw-course/mit-ocw-18-703-final-exam-solutions/main.tex:83: Undefined control sequence.
l.83 ... abelian, $G \cong  \Z{9} $ or $G \cong \Z
                                                  {3} \times \Z{3}$. If $G$ ...
The control sequence at the end of the top line
of your error message was never \def'ed. If you have
misspelled it (e.g., `\hobx'), type `I' and the correct
spelling (e.g., `I\hbox'). Otherwise just continue,
and I'll forget about whatever was undefined.

/home/dirichletian/math/math-dumps/abstract-algebra/mit-ocw-course/mit-ocw-18-703-final-exam-solutions/main.tex:83: Undefined control sequence.
l.83 ...\cong  \Z{9} $ or $G \cong \Z{3} \times \Z
                                                  {3}$. If $G$ is non-abelia...
The control sequence at the end of the top line
of your error message was never \def'ed. If you have
misspelled it (e.g., `\hobx'), type `I' and the correct
spelling (e.g., `I\hbox'). Otherwise just continue,
and I'll forget about whatever was undefined.

[2]
/home/dirichletian/math/math-dumps/abstract-algebra/mit-ocw-course/mit-ocw-18-703-final-exam-solutions/main.tex:86: Undefined control sequence.
<recently read> \Z 
                   
l.86 ...an, then $ G $ is isomorphic to either $\Z
                                                  {8}$, $\Z{4} \times \Z{2}$...
The control sequence at the end of the top line
of your error message was never \def'ed. If you have
misspelled it (e.g., `\hobx'), type `I' and the correct
spelling (e.g., `I\hbox'). Otherwise just continue,
and I'll forget about whatever was undefined.

/home/dirichletian/math/math-dumps/abstract-algebra/mit-ocw-course/mit-ocw-18-703-final-exam-solutions/main.tex:86: Undefined control sequence.
<recently read> \Z 
                   
l.86 ...$ G $ is isomorphic to either $\Z{8}$, $\Z
                                                  {4} \times \Z{2}$ or $\Z{2...
The control sequence at the end of the top line
of your error message was never \def'ed. If you have
misspelled it (e.g., `\hobx'), type `I' and the correct
spelling (e.g., `I\hbox'). Otherwise just continue,
and I'll forget about whatever was undefined.

/home/dirichletian/math/math-dumps/abstract-algebra/mit-ocw-course/mit-ocw-18-703-final-exam-solutions/main.tex:86: Undefined control sequence.
l.86 ...orphic to either $\Z{8}$, $\Z{4} \times \Z
                                                  {2}$ or $\Z{2} \times \Z{2...
The control sequence at the end of the top line
of your error message was never \def'ed. If you have
misspelled it (e.g., `\hobx'), type `I' and the correct
spelling (e.g., `I\hbox'). Otherwise just continue,
and I'll forget about whatever was undefined.

/home/dirichletian/math/math-dumps/abstract-algebra/mit-ocw-course/mit-ocw-18-703-final-exam-solutions/main.tex:86: Undefined control sequence.
<recently read> \Z 
                   
l.86 ...ither $\Z{8}$, $\Z{4} \times \Z{2}$ or $\Z
                                                  {2} \times \Z{2} \times \Z...
The control sequence at the end of the top line
of your error message was never \def'ed. If you have
misspelled it (e.g., `\hobx'), type `I' and the correct
spelling (e.g., `I\hbox'). Otherwise just continue,
and I'll forget about whatever was undefined.

/home/dirichletian/math/math-dumps/abstract-algebra/mit-ocw-course/mit-ocw-18-703-final-exam-solutions/main.tex:86: Undefined control sequence.
l.86 ..., $\Z{4} \times \Z{2}$ or $\Z{2} \times \Z
                                                  {2} \times \Z{2}$. If $G$ ...
The control sequence at the end of the top line
of your error message was never \def'ed. If you have
misspelled it (e.g., `\hobx'), type `I' and the correct
spelling (e.g., `I\hbox'). Otherwise just continue,
and I'll forget about whatever was undefined.

/home/dirichletian/math/math-dumps/abstract-algebra/mit-ocw-course/mit-ocw-18-703-final-exam-solutions/main.tex:86: Undefined control sequence.
l.86 ...es \Z{2}$ or $\Z{2} \times \Z{2} \times \Z
                                                  {2}$. If $G$ is non-abelia...
The control sequence at the end of the top line
of your error message was never \def'ed. If you have
misspelled it (e.g., `\hobx'), type `I' and the correct
spelling (e.g., `I\hbox'). Otherwise just continue,
and I'll forget about whatever was undefined.

/home/dirichletian/math/math-dumps/abstract-algebra/mit-ocw-course/mit-ocw-18-703-final-exam-solutions/main.tex:86: Undefined control sequence.
<recently read> \brk 
                     
l.86 ...two elements $a, b$ of order $4$. If $\brk
                                                  {a} \cap \brk{b} = \{1\}$,...
The control sequence at the end of the top line
of your error message was never \def'ed. If you have
misspelled it (e.g., `\hobx'), type `I' and the correct
spelling (e.g., `I\hbox'). Otherwise just continue,
and I'll forget about whatever was undefined.

/home/dirichletian/math/math-dumps/abstract-algebra/mit-ocw-course/mit-ocw-18-703-final-exam-solutions/main.tex:86: Undefined control sequence.
l.86 ...$a, b$ of order $4$. If $\brk{a} \cap \brk
                                                  {b} = \{1\}$, then $ab = b...
The control sequence at the end of the top line
of your error message was never \def'ed. If you have
misspelled it (e.g., `\hobx'), type `I' and the correct
spelling (e.g., `I\hbox'). Otherwise just continue,
and I'll forget about whatever was undefined.

/home/dirichletian/math/math-dumps/abstract-algebra/mit-ocw-course/mit-ocw-18-703-final-exam-solutions/main.tex:86: Undefined control sequence.
<recently read> \brk 
                     
l.86 ...b = a^2b^2 \implies a^2 = b^2$. Thus $\brk
                                                  {a} \cap \brk{b} = \{1, a^...
The control sequence at the end of the top line
of your error message was never \def'ed. If you have
misspelled it (e.g., `\hobx'), type `I' and the correct
spelling (e.g., `I\hbox'). Otherwise just continue,
and I'll forget about whatever was undefined.

/home/dirichletian/math/math-dumps/abstract-algebra/mit-ocw-course/mit-ocw-18-703-final-exam-solutions/main.tex:86: Undefined control sequence.
l.86 ...mplies a^2 = b^2$. Thus $\brk{a} \cap \brk
                                                  {b} = \{1, a^2\}$ since $a...
The control sequence at the end of the top line
of your error message was never \def'ed. If you have
misspelled it (e.g., `\hobx'), type `I' and the correct
spelling (e.g., `I\hbox'). Otherwise just continue,
and I'll forget about whatever was undefined.

/home/dirichletian/math/math-dumps/abstract-algebra/mit-ocw-course/mit-ocw-18-703-final-exam-solutions/main.tex:86: Undefined control sequence.
<recently read> \brk 
                     
l.86 ... since $a^{\pm 1}$ is a generator of $\brk
                                                  {a}$. We know $ab, ba \in ...
The control sequence at the end of the top line
of your error message was never \def'ed. If you have
misspelled it (e.g., `\hobx'), type `I' and the correct
spelling (e.g., `I\hbox'). Otherwise just continue,
and I'll forget about whatever was undefined.

/home/dirichletian/math/math-dumps/abstract-algebra/mit-ocw-course/mit-ocw-18-703-final-exam-solutions/main.tex:86: Undefined control sequence.
l.86 ...of $\brk{a}$. We know $ab, ba \in G - \brk
                                                  {a} - \brk{b}$. Since $a^2...
The control sequence at the end of the top line
of your error message was never \def'ed. If you have
misspelled it (e.g., `\hobx'), type `I' and the correct
spelling (e.g., `I\hbox'). Otherwise just continue,
and I'll forget about whatever was undefined.

/home/dirichletian/math/math-dumps/abstract-algebra/mit-ocw-course/mit-ocw-18-703-final-exam-solutions/main.tex:86: Undefined control sequence.
l.86 ...}$. We know $ab, ba \in G - \brk{a} - \brk
                                                  {b}$. Since $a^2 = b^2$, $...
The control sequence at the end of the top line
of your error message was never \def'ed. If you have
misspelled it (e.g., `\hobx'), type `I' and the correct
spelling (e.g., `I\hbox'). Otherwise just continue,
and I'll forget about whatever was undefined.


/home/dirichletian/math/math-dumps/abstract-algebra/mit-ocw-course/mit-ocw-18-703-final-exam-solutions/main.tex:90: Package enumitem Error: (i) undefined.

See the enumitem package documentation for explanation.
Type  H <return>  for immediate help.
 ...                                              
                                                  
l.90 \begin{enumerate}[(i)]
                           
Try typing  <return>  to proceed.
If that doesn't work, type  X <return>  to quit.


/home/dirichletian/math/math-dumps/abstract-algebra/mit-ocw-course/mit-ocw-18-703-final-exam-solutions/main.tex:108: Package enumitem Error: (i) undefined.

See the enumitem package documentation for explanation.
Type  H <return>  for immediate help.
 ...                                              
                                                  
l.108     \begin{enumerate}[(i)]
                                
Try typing  <return>  to proceed.
If that doesn't work, type  X <return>  to quit.

[3]

/home/dirichletian/math/math-dumps/abstract-algebra/mit-ocw-course/mit-ocw-18-703-final-exam-solutions/main.tex:128: Package enumitem Error: (i) undefined.

See the enumitem package documentation for explanation.
Type  H <return>  for immediate help.
 ...                                              
                                                  
l.128 \begin{enumerate}[(i)]
                            
Try typing  <return>  to proceed.
If that doesn't work, type  X <return>  to quit.

/home/dirichletian/math/math-dumps/abstract-algebra/mit-ocw-course/mit-ocw-18-703-final-exam-solutions/main.tex:139: Undefined control sequence.
l.139     Consider the ideals $I =  \brk
                                        {2}$ and $J = \brk{4}$ in the ring $...
The control sequence at the end of the top line
of your error message was never \def'ed. If you have
misspelled it (e.g., `\hobx'), type `I' and the correct
spelling (e.g., `I\hbox'). Otherwise just continue,
and I'll forget about whatever was undefined.

/home/dirichletian/math/math-dumps/abstract-algebra/mit-ocw-course/mit-ocw-18-703-final-exam-solutions/main.tex:139: Undefined control sequence.
l.139 ...r the ideals $I =  \brk{2}$ and $J = \brk
                                                  {4}$ in the ring $R = \mat...
The control sequence at the end of the top line
of your error message was never \def'ed. If you have
misspelled it (e.g., `\hobx'), type `I' and the correct
spelling (e.g., `I\hbox'). Otherwise just continue,
and I'll forget about whatever was undefined.

/home/dirichletian/math/math-dumps/abstract-algebra/mit-ocw-course/mit-ocw-18-703-final-exam-solutions/main.tex:139: Undefined control sequence.
l.139 ...ring $R = \mathbb{Z}.$ $IJ \subseteq \brk
                                                  {8} \subset \brk{4} = I \c...
The control sequence at the end of the top line
of your error message was never \def'ed. If you have
misspelled it (e.g., `\hobx'), type `I' and the correct
spelling (e.g., `I\hbox'). Otherwise just continue,
and I'll forget about whatever was undefined.

/home/dirichletian/math/math-dumps/abstract-algebra/mit-ocw-course/mit-ocw-18-703-final-exam-solutions/main.tex:139: Undefined control sequence.
l.139 ...b{Z}.$ $IJ \subseteq \brk{8} \subset \brk
                                                  {4} = I \cap J.$
The control sequence at the end of the top line
of your error message was never \def'ed. If you have
misspelled it (e.g., `\hobx'), type `I' and the correct
spelling (e.g., `I\hbox'). Otherwise just continue,
and I'll forget about whatever was undefined.


Underfull \hbox (badness 10000) in paragraph at lines 144--145

 []

[4]
Underfull \hbox (badness 10000) in paragraph at lines 151--153

 []


/home/dirichletian/math/math-dumps/abstract-algebra/mit-ocw-course/mit-ocw-18-703-final-exam-solutions/main.tex:158: Package enumitem Error: (i) undefined.

See the enumitem package documentation for explanation.
Type  H <return>  for immediate help.
 ...                                              
                                                  
l.158 \begin{enumerate} [(i)]
                             
Try typing  <return>  to proceed.
If that doesn't work, type  X <return>  to quit.


Underfull \hbox (badness 10000) in paragraph at lines 159--160

 []


Underfull \hbox (badness 10000) in paragraph at lines 179--180

 []

[5]

/home/dirichletian/math/math-dumps/abstract-algebra/mit-ocw-course/mit-ocw-18-703-final-exam-solutions/main.tex:186: Package enumitem Error: (i) undefined.

See the enumitem package documentation for explanation.
Type  H <return>  for immediate help.
 ...                                              
                                                  
l.186 \begin{enumerate}[(i)]
                            
Try typing  <return>  to proceed.
If that doesn't work, type  X <return>  to quit.


Underfull \hbox (badness 10000) in paragraph at lines 187--188

 []


Underfull \hbox (badness 10000) in paragraph at lines 194--195

 []


Underfull \hbox (badness 10000) in paragraph at lines 198--199

 []

/home/dirichletian/math/math-dumps/abstract-algebra/mit-ocw-course/mit-ocw-18-703-final-exam-solutions/main.tex:200: Undefined control sequence.
l.200 ...x)$ in $\mathbb{Z}[x]$. Then $p(x) + \brk
                                                  {p} = \big(\prod_i p_i(x) ...
The control sequence at the end of the top line
of your error message was never \def'ed. If you have
misspelled it (e.g., `\hobx'), type `I' and the correct
spelling (e.g., `I\hbox'). Otherwise just continue,
and I'll forget about whatever was undefined.

/home/dirichletian/math/math-dumps/abstract-algebra/mit-ocw-course/mit-ocw-18-703-final-exam-solutions/main.tex:200: Undefined control sequence.
l.200 ...brk{p} = \big(\prod_i p_i(x) \big) + \brk
                                                  {p} = \prod_i (p_i(x) + \b...
The control sequence at the end of the top line
of your error message was never \def'ed. If you have
misspelled it (e.g., `\hobx'), type `I' and the correct
spelling (e.g., `I\hbox'). Otherwise just continue,
and I'll forget about whatever was undefined.

/home/dirichletian/math/math-dumps/abstract-algebra/mit-ocw-course/mit-ocw-18-703-final-exam-solutions/main.tex:200: Undefined control sequence.
l.200 ... \big) + \brk{p} = \prod_i (p_i(x) + \brk
                                                  {p}) \in \mathbb{F}_p(x)$....
The control sequence at the end of the top line
of your error message was never \def'ed. If you have
misspelled it (e.g., `\hobx'), type `I' and the correct
spelling (e.g., `I\hbox'). Otherwise just continue,
and I'll forget about whatever was undefined.

[6] (./main.aux) ) 
Here is how much of TeX's memory you used:
 2889 strings out of 480171
 43501 string characters out of 5894489
 340442 words of memory out of 5000000
 20834 multiletter control sequences out of 15000+600000
 478399 words of font info for 63 fonts, out of 8000000 for 9000
 59 hyphenation exceptions out of 8191
 55i,8n,62p,944b,336s stack positions out of 5000i,500n,10000p,200000b,80000s
 </home/dirichletian/.texlive2021/texmf-var/fonts/pk/ljfour/jknappen/ec/tcrm1200.600pk></usr/share/texlive/texmf-dist/fonts/type1/public/amsfonts/cm/cmbx12.pfb></usr/share/texlive/texmf-dist/fonts/type1/public/amsfonts/cm/cmex10.pfb></usr/share/texlive/texmf-dist/fonts/type1/public/amsfonts/cm/cmmi12.pfb></usr/share/texlive/texmf-dist/fonts/type1/public/amsfonts/cm/cmmi8.pfb></usr/share/texlive/texmf-dist/fonts/type1/public/amsfonts/cm/cmr12.pfb></usr/share/texlive/texmf-dist/fonts/type1/public/amsfonts/cm/cmr17.pfb></usr/share/texlive/texmf-dist/fonts/type1/public/amsfonts/cm/cmr8.pfb></usr/share/texlive/texmf-dist/fonts/type1/public/amsfonts/cm/cmsy10.pfb></usr/share/texlive/texmf-dist/fonts/type1/public/amsfonts/cm/cmsy8.pfb></usr/share/texlive/texmf-dist/fonts/type1/public/amsfonts/cm/cmti12.pfb></usr/share/texlive/texmf-dist/fonts/type1/public/amsfonts/symbols/msam10.pfb></usr/share/texlive/texmf-dist/fonts/type1/public/amsfonts/symbols/msbm10.pfb>
Output written on main.pdf (6 pages, 168322 bytes).
PDF statistics:
 88 PDF objects out of 1000 (max. 8388607)
 54 compressed objects within 1 object stream
 0 named destinations out of 1000 (max. 500000)
 1 words of extra memory for PDF output out of 10000 (max. 10000000)

